<?xml version="1.0" encoding="UTF-8"?>
<!-- Generated by org.testng.reporters.JUnitReportReporter -->
<testsuite hostname="COLLABPH1003073" failures="0" tests="4" name="api.test.UserTests2" time="6.631" errors="0" timestamp="2024-03-06T06:06:44 SGT" skipped="0">
  <testcase classname="api.test.UserTests2" name="testPostUser" time="2.302"/>
  <testcase classname="api.test.UserTests2" name="testGetUserByName" time="1.100"/>
  <testcase classname="api.test.UserTests2" name="testUpdateUserByName" time="2.154"/>
  <testcase classname="api.test.UserTests2" name="testDeleteUserByName" time="1.075"/>
</testsuite> <!-- api.test.UserTests2 -->
