<?xml version="1.0" encoding="UTF-8"?>
<!-- Generated by org.testng.reporters.JUnitReportReporter -->
<testsuite hostname="COLLABPH1003073" failures="0" tests="4" name="api.test.UserTests" time="6.498" errors="0" timestamp="2024-03-06T05:46:54 SGT" skipped="0">
  <testcase classname="api.test.UserTests" name="testPostUser" time="2.141"/>
  <testcase classname="api.test.UserTests" name="testGetUserByName" time="1.109"/>
  <testcase classname="api.test.UserTests" name="testUpdateUserByName" time="2.171"/>
  <testcase classname="api.test.UserTests" name="testDeleteUserByName" time="1.077"/>
</testsuite> <!-- api.test.UserTests -->
