<?xml version="1.0" encoding="UTF-8"?>
<!-- Generated by org.testng.reporters.JUnitReportReporter -->
<testsuite hostname="COLLABPH1003073" failures="0" tests="6" name="api.test.DDTests" time="7.720" errors="0" timestamp="2024-03-05T08:37:33 SGT" skipped="0">
  <testcase classname="api.test.DDTests" name="testPostUser" time="1.091"/>
  <testcase classname="api.test.DDTests" name="testPostUser" time="1.186"/>
  <testcase classname="api.test.DDTests" name="testPostUser" time="2.191"/>
  <testcase classname="api.test.DDTests" name="testDeleteUserByName" time="1.073"/>
  <testcase classname="api.test.DDTests" name="testDeleteUserByName" time="1.076"/>
  <testcase classname="api.test.DDTests" name="testDeleteUserByName" time="1.103"/>
</testsuite> <!-- api.test.DDTests -->
