<?xml version="1.0" encoding="UTF-8"?>
<!-- Generated by org.testng.reporters.JUnitReportReporter -->
<testsuite hostname="COLLABPH1003073" failures="0" tests="4" name="api.test.UserTests2" time="6.620" errors="0" timestamp="2024-03-06T06:31:18 SGT" skipped="0">
  <testcase classname="api.test.UserTests2" name="testPostUser" time="2.246"/>
  <testcase classname="api.test.UserTests2" name="testGetUserByName" time="1.094"/>
  <testcase classname="api.test.UserTests2" name="testUpdateUserByName" time="2.195"/>
  <testcase classname="api.test.UserTests2" name="testDeleteUserByName" time="1.085"/>
</testsuite> <!-- api.test.UserTests2 -->
